#-----------------------------------------------------------
# Vivado v2022.1 (64-bit)
# SW Build 3526262 on Mon Apr 18 15:48:16 MDT 2022
# IP Build 3524634 on Mon Apr 18 20:55:01 MDT 2022
# Start of session at: Thu Nov  3 19:02:37 2022
# Process ID: 8196
# Current directory: D:/one drive for HKU/OneDrive - connect.hku.hk/HKU year 3 courses/sem1/ELEC3342/Assignment for this year/A2/part B/elec3342_hw2_src/symb_det
# Command line: vivado.exe -gui_launcher_event rodinguilauncherevent5900 D:\one drive for HKU\OneDrive - connect.hku.hk\HKU year 3 courses\sem1\ELEC3342\Assignment for this year\A2\part B\elec3342_hw2_src\symb_det\symb_det.xpr
# Log file: D:/one drive for HKU/OneDrive - connect.hku.hk/HKU year 3 courses/sem1/ELEC3342/Assignment for this year/A2/part B/elec3342_hw2_src/symb_det/vivado.log
# Journal file: D:/one drive for HKU/OneDrive - connect.hku.hk/HKU year 3 courses/sem1/ELEC3342/Assignment for this year/A2/part B/elec3342_hw2_src/symb_det\vivado.jou
# Running On: Alfred-MateBook-14, OS: Windows, CPU Frequency: 2304 MHz, CPU Physical cores: 4, Host memory: 17000 MB
#-----------------------------------------------------------
start_gui
open_project {D:/one drive for HKU/OneDrive - connect.hku.hk/HKU year 3 courses/sem1/ELEC3342/Assignment for this year/A2/part B/elec3342_hw2_src/symb_det/symb_det.xpr}
INFO: [ProjectBase 1-489] The host OS only allows 260 characters in a normal path. The project is stored in a path with more than 80 characters. If you experience issues with IP, Block Designs, or files not being found, please consider moving the project to a location with a shorter path. Alternately consider using the OS subst command to map part of the path to a drive letter.
Current project path is 'D:/one drive for HKU/OneDrive - connect.hku.hk/HKU year 3 courses/sem1/ELEC3342/Assignment for this year/A2/part B/elec3342_hw2_src/symb_det'
WARNING: [Board 49-26] cannot add Board Part xilinx.com:kc705:part0:1.6 available at D:/XILINX/Vivado/2022.1/data/xhub/boards/XilinxBoardStore/boards/Xilinx/kc705/1.6/board.xml as part xc7k325tffg900-2 specified in board_part file is either invalid or not available
WARNING: [Board 49-26] cannot add Board Part xilinx.com:kcu105:part0:1.6 available at D:/XILINX/Vivado/2022.1/data/xhub/boards/XilinxBoardStore/boards/Xilinx/kcu105/1.6/board.xml as part xcku040-ffva1156-2-e specified in board_part file is either invalid or not available
WARNING: [Board 49-26] cannot add Board Part xilinx.com:kcu105:part0:1.7 available at D:/XILINX/Vivado/2022.1/data/xhub/boards/XilinxBoardStore/boards/Xilinx/kcu105/1.7/board.xml as part xcku040-ffva1156-2-e specified in board_part file is either invalid or not available
WARNING: [Board 49-26] cannot add Board Part xilinx.com:kcu1500:part0:1.2 available at D:/XILINX/Vivado/2022.1/data/xhub/boards/XilinxBoardStore/boards/Xilinx/kcu1500/1.2/board.xml as part xcku115-flvb2104-2-e specified in board_part file is either invalid or not available
WARNING: [Board 49-26] cannot add Board Part xilinx.com:vc707:part0:1.4 available at D:/XILINX/Vivado/2022.1/data/xhub/boards/XilinxBoardStore/boards/Xilinx/vc707/1.4/board.xml as part xc7vx485tffg1761-2 specified in board_part file is either invalid or not available
WARNING: [Board 49-26] cannot add Board Part xilinx.com:vc709:part0:1.8 available at D:/XILINX/Vivado/2022.1/data/xhub/boards/XilinxBoardStore/boards/Xilinx/vc709/1.8/board.xml as part xc7vx690tffg1761-2 specified in board_part file is either invalid or not available
WARNING: [Board 49-26] cannot add Board Part xilinx.com:vck190:part0:2.2 available at D:/XILINX/Vivado/2022.1/data/xhub/boards/XilinxBoardStore/boards/Xilinx/vck190/production/2.2/board.xml as part xcvc1902-vsva2197-2mp-e-s specified in board_part file is either invalid or not available
WARNING: [Board 49-26] cannot add Board Part xilinx.com:vck190:part0:3.0 available at D:/XILINX/Vivado/2022.1/data/xhub/boards/XilinxBoardStore/boards/Xilinx/vck190/production/3.0/board.xml as part xcvc1902-vsva2197-2mp-e-s specified in board_part file is either invalid or not available
WARNING: [Board 49-26] cannot add Board Part xilinx.com:vck190_newl:part0:1.0 available at D:/XILINX/Vivado/2022.1/data/xhub/boards/XilinxBoardStore/boards/Xilinx/vck190_newl/production/1.0/board.xml as part xcvc1902-vsva2197-2mp-e-s specified in board_part file is either invalid or not available
WARNING: [Board 49-26] cannot add Board Part xilinx.com:vcu108:part0:1.6 available at D:/XILINX/Vivado/2022.1/data/xhub/boards/XilinxBoardStore/boards/Xilinx/vcu108/1.6/board.xml as part xcvu095-ffva2104-2-e specified in board_part file is either invalid or not available
WARNING: [Board 49-26] cannot add Board Part xilinx.com:vcu108:part0:1.7 available at D:/XILINX/Vivado/2022.1/data/xhub/boards/XilinxBoardStore/boards/Xilinx/vcu108/1.7/board.xml as part xcvu095-ffva2104-2-e specified in board_part file is either invalid or not available
WARNING: [Board 49-26] cannot add Board Part xilinx.com:vcu110:part0:1.4 available at D:/XILINX/Vivado/2022.1/data/xhub/boards/XilinxBoardStore/boards/Xilinx/vcu110/1.4/board.xml as part xcvu190-flgc2104-2-e specified in board_part file is either invalid or not available
WARNING: [Board 49-26] cannot add Board Part xilinx.com:vcu118:part0:2.0 available at D:/XILINX/Vivado/2022.1/data/xhub/boards/XilinxBoardStore/boards/Xilinx/vcu118/2.0/board.xml as part xcvu9p-flga2104-2l-e specified in board_part file is either invalid or not available
WARNING: [Board 49-26] cannot add Board Part xilinx.com:vcu118:part0:2.3 available at D:/XILINX/Vivado/2022.1/data/xhub/boards/XilinxBoardStore/boards/Xilinx/vcu118/2.3/board.xml as part xcvu9p-flga2104-2l-e specified in board_part file is either invalid or not available
WARNING: [Board 49-26] cannot add Board Part xilinx.com:vcu118:part0:2.4 available at D:/XILINX/Vivado/2022.1/data/xhub/boards/XilinxBoardStore/boards/Xilinx/vcu118/2.4/board.xml as part xcvu9p-flga2104-2l-e specified in board_part file is either invalid or not available
WARNING: [Board 49-26] cannot add Board Part xilinx.com:vcu128:part0:1.0 available at D:/XILINX/Vivado/2022.1/data/xhub/boards/XilinxBoardStore/boards/Xilinx/vcu128/production/1.0/board.xml as part xcvu37p-fsvh2892-2l-e specified in board_part file is either invalid or not available
WARNING: [Board 49-26] cannot add Board Part xilinx.com:vcu129:part0:1.0 available at D:/XILINX/Vivado/2022.1/data/xhub/boards/XilinxBoardStore/boards/Xilinx/vcu129/production/1.0/board.xml as part xcvu29p-fsga2577-2l-e specified in board_part file is either invalid or not available
WARNING: [Board 49-26] cannot add Board Part xilinx.com:vcu1525:part0:1.3 available at D:/XILINX/Vivado/2022.1/data/xhub/boards/XilinxBoardStore/boards/Xilinx/vcu1525/1.3/board.xml as part xcvu9p-fsgd2104-2l-e specified in board_part file is either invalid or not available
WARNING: [Board 49-26] cannot add Board Part xilinx.com:vermeo_t1_mpsoc:part0:1.0 available at D:/XILINX/Vivado/2022.1/data/xhub/boards/XilinxBoardStore/boards/Xilinx/vermeo_t1_mpsoc/1.0/board.xml as part xczu19eg-ffvd1760-2l-e specified in board_part file is either invalid or not available
WARNING: [Board 49-26] cannot add Board Part xilinx.com:vermeo_t1_rfsoc:part0:1.0 available at D:/XILINX/Vivado/2022.1/data/xhub/boards/XilinxBoardStore/boards/Xilinx/vermeo_t1_rfsoc/1.0/board.xml as part xczu21dr-ffvd1156-2l-e specified in board_part file is either invalid or not available
WARNING: [Board 49-26] cannot add Board Part xilinx.com:vmk180:part0:2.2 available at D:/XILINX/Vivado/2022.1/data/xhub/boards/XilinxBoardStore/boards/Xilinx/vmk180/production/2.2/board.xml as part xcvm1802-vsva2197-2mp-e-s specified in board_part file is either invalid or not available
WARNING: [Board 49-26] cannot add Board Part xilinx.com:vmk180:part0:3.0 available at D:/XILINX/Vivado/2022.1/data/xhub/boards/XilinxBoardStore/boards/Xilinx/vmk180/production/3.0/board.xml as part xcvm1802-vsva2197-2mp-e-s specified in board_part file is either invalid or not available
WARNING: [Board 49-26] cannot add Board Part xilinx.com:vmk180_newl:part0:1.0 available at D:/XILINX/Vivado/2022.1/data/xhub/boards/XilinxBoardStore/boards/Xilinx/vmk180_newl/production/1.0/board.xml as part xcvm1802-vsva2197-2mp-e-s specified in board_part file is either invalid or not available
WARNING: [Board 49-26] cannot add Board Part xilinx.com:vpk120_es:part0:1.2 available at D:/XILINX/Vivado/2022.1/data/xhub/boards/XilinxBoardStore/boards/Xilinx/vpk120/es/1.2/board.xml as part xcvp1202-vsva2785-2mp-e-s-es1 specified in board_part file is either invalid or not available
WARNING: [Board 49-26] cannot add Board Part xilinx.com:vpk120_es_revb:part0:1.0 available at D:/XILINX/Vivado/2022.1/data/xhub/boards/XilinxBoardStore/boards/Xilinx/vpk120_revb/es/1.0/board.xml as part xcvp1202-vsva2785-2mp-e-s-es1 specified in board_part file is either invalid or not available
WARNING: [Board 49-26] cannot add Board Part xilinx.com:zc706:part0:1.4 available at D:/XILINX/Vivado/2022.1/data/xhub/boards/XilinxBoardStore/boards/Xilinx/zc706/1.4/board.xml as part xc7z045ffg900-2 specified in board_part file is either invalid or not available
WARNING: [Board 49-26] cannot add Board Part xilinx.com:zcu102:part0:3.3 available at D:/XILINX/Vivado/2022.1/data/xhub/boards/XilinxBoardStore/boards/Xilinx/zcu102/3.3/board.xml as part xczu9eg-ffvb1156-2-e specified in board_part file is either invalid or not available
WARNING: [Board 49-26] cannot add Board Part xilinx.com:zcu102:part0:3.4 available at D:/XILINX/Vivado/2022.1/data/xhub/boards/XilinxBoardStore/boards/Xilinx/zcu102/3.4/board.xml as part xczu9eg-ffvb1156-2-e specified in board_part file is either invalid or not available
WARNING: [Board 49-26] cannot add Board Part xilinx.com:zcu111:part0:1.2 available at D:/XILINX/Vivado/2022.1/data/xhub/boards/XilinxBoardStore/boards/Xilinx/zcu111/1.2/board.xml as part xczu28dr-ffvg1517-2-e specified in board_part file is either invalid or not available
WARNING: [Board 49-26] cannot add Board Part xilinx.com:zcu111:part0:1.3 available at D:/XILINX/Vivado/2022.1/data/xhub/boards/XilinxBoardStore/boards/Xilinx/zcu111/1.3/board.xml as part xczu28dr-ffvg1517-2-e specified in board_part file is either invalid or not available
WARNING: [Board 49-26] cannot add Board Part xilinx.com:zcu111:part0:1.4 available at D:/XILINX/Vivado/2022.1/data/xhub/boards/XilinxBoardStore/boards/Xilinx/zcu111/1.4/board.xml as part xczu28dr-ffvg1517-2-e specified in board_part file is either invalid or not available
WARNING: [Board 49-26] cannot add Board Part xilinx.com:zcu1275:part0:1.0 available at D:/XILINX/Vivado/2022.1/data/xhub/boards/XilinxBoardStore/boards/Xilinx/zcu1275/1.0/board.xml as part xczu29dr-ffvf1760-2-e specified in board_part file is either invalid or not available
WARNING: [Board 49-26] cannot add Board Part xilinx.com:zcu1285:part0:1.0 available at D:/XILINX/Vivado/2022.1/data/xhub/boards/XilinxBoardStore/boards/Xilinx/zcu1285/1.0/board.xml as part xczu39dr-ffvf1760-2-i specified in board_part file is either invalid or not available
WARNING: [Board 49-26] cannot add Board Part xilinx.com:zcu208:part0:2.0 available at D:/XILINX/Vivado/2022.1/data/xhub/boards/XilinxBoardStore/boards/Xilinx/zcu208/production/2.0/board.xml as part xczu48dr-fsvg1517-2-e specified in board_part file is either invalid or not available
WARNING: [Board 49-26] cannot add Board Part xilinx.com:zcu208ld:part0:2.0 available at D:/XILINX/Vivado/2022.1/data/xhub/boards/XilinxBoardStore/boards/Xilinx/zcu208ld/production/2.0/board.xml as part xczu58dr-fsvg1517-2-i specified in board_part file is either invalid or not available
WARNING: [Board 49-26] cannot add Board Part xilinx.com:zcu216:part0:2.0 available at D:/XILINX/Vivado/2022.1/data/xhub/boards/XilinxBoardStore/boards/Xilinx/zcu216/production/2.0/board.xml as part xczu49dr-ffvf1760-2-e specified in board_part file is either invalid or not available
WARNING: [Board 49-26] cannot add Board Part xilinx.com:zcu216ld:part0:2.0 available at D:/XILINX/Vivado/2022.1/data/xhub/boards/XilinxBoardStore/boards/Xilinx/zcu216ld/production/2.0/board.xml as part xczu59dr-ffvf1760-2-i specified in board_part file is either invalid or not available
WARNING: [Board 49-26] cannot add Board Part xilinx.com:zcu670:part0:2.0 available at D:/XILINX/Vivado/2022.1/data/xhub/boards/XilinxBoardStore/boards/Xilinx/zcu670/2.0/board.xml as part xczu67dr-fsve1156-2-i specified in board_part file is either invalid or not available
WARNING: [Board 49-26] cannot add Board Part xilinx.com:zcu670ld:part0:1.0 available at D:/XILINX/Vivado/2022.1/data/xhub/boards/XilinxBoardStore/boards/Xilinx/zcu670ld/1.0/board.xml as part xczu57dr-fsve1156-2-i specified in board_part file is either invalid or not available
INFO: [filemgmt 56-3] Default IP Output Path : Could not find the directory 'D:/one drive for HKU/OneDrive - connect.hku.hk/HKU year 3 courses/sem1/ELEC3342/Assignment for this year/A2/part B/elec3342_hw2_src/symb_det/symb_det.gen/sources_1'.
Scanning sources...
Finished scanning sources
INFO: [IP_Flow 19-234] Refreshing IP repositories
INFO: [IP_Flow 19-1704] No user IP repositories specified
INFO: [IP_Flow 19-2313] Loaded Vivado IP repository 'D:/XILINX/Vivado/2022.1/data/ip'.
open_project: Time (s): cpu = 00:00:21 ; elapsed = 00:00:08 . Memory (MB): peak = 1574.973 ; gain = 0.000
update_compile_order -fileset sources_1
launch_simulation
Command: launch_simulation 
INFO: [Vivado 12-12493] Simulation top is 'sym_det_tb'
WARNING: [Vivado 12-13340] Unable to auto find GCC executables from simulator install path! (path not set)
WARNING: [Vivado 12-13277] Compiled library path does not exist: ''
INFO: [Vivado 12-5682] Launching behavioral simulation in 'D:/one drive for HKU/OneDrive - connect.hku.hk/HKU year 3 courses/sem1/ELEC3342/Assignment for this year/A2/part B/elec3342_hw2_src/symb_det/symb_det.sim/sim_1/behav/xsim'
INFO: [SIM-utils-51] Simulation object is 'sim_1'
INFO: [SIM-utils-72] Using boost library from 'D:/XILINX/Vivado/2022.1/tps/boost_1_72_0'
INFO: [SIM-utils-54] Inspecting design source files for 'sym_det_tb' in fileset 'sim_1'...
INFO: [SIM-utils-43] Exported 'D:/one drive for HKU/OneDrive - connect.hku.hk/HKU year 3 courses/sem1/ELEC3342/Assignment for this year/A2/part B/elec3342_hw2_src/symb_det/symb_det.sim/sim_1/behav/xsim/info_wave.txt'
INFO: [USF-XSim-97] Finding global include files...
INFO: [USF-XSim-98] Fetching design files from 'sim_1'...
INFO: [USF-XSim-2] XSim::Compile design
INFO: [USF-XSim-61] Executing 'COMPILE and ANALYZE' step in 'D:/one drive for HKU/OneDrive - connect.hku.hk/HKU year 3 courses/sem1/ELEC3342/Assignment for this year/A2/part B/elec3342_hw2_src/symb_det/symb_det.sim/sim_1/behav/xsim'
"xvhdl --incr --relax -prj sym_det_tb_vhdl.prj"
INFO: [USF-XSim-69] 'compile' step finished in '2' seconds
INFO: [USF-XSim-3] XSim::Elaborate design
INFO: [USF-XSim-61] Executing 'ELABORATE' step in 'D:/one drive for HKU/OneDrive - connect.hku.hk/HKU year 3 courses/sem1/ELEC3342/Assignment for this year/A2/part B/elec3342_hw2_src/symb_det/symb_det.sim/sim_1/behav/xsim'
"xelab --incr --debug typical --relax --mt 2 -L xil_defaultlib -L secureip --snapshot sym_det_tb_behav xil_defaultlib.sym_det_tb -log elaborate.log"
Vivado Simulator v2022.1
Copyright 1986-1999, 2001-2022 Xilinx, Inc. All Rights Reserved.
Running: D:/XILINX/Vivado/2022.1/bin/unwrapped/win64.o/xelab.exe --incr --debug typical --relax --mt 2 -L xil_defaultlib -L secureip --snapshot sym_det_tb_behav xil_defaultlib.sym_det_tb -log elaborate.log 
Using 2 slave threads.
Starting static elaboration
Completed static elaboration
INFO: [XSIM 43-4323] No Change in HDL. Linking previously generated obj files to create kernel
INFO: [USF-XSim-69] 'elaborate' step finished in '3' seconds
INFO: [USF-XSim-4] XSim::Simulate design
INFO: [USF-XSim-61] Executing 'SIMULATE' step in 'D:/one drive for HKU/OneDrive - connect.hku.hk/HKU year 3 courses/sem1/ELEC3342/Assignment for this year/A2/part B/elec3342_hw2_src/symb_det/symb_det.sim/sim_1/behav/xsim'
INFO: [USF-XSim-98] *** Running xsim
   with args "sym_det_tb_behav -key {Behavioral:sim_1:Functional:sym_det_tb} -tclbatch {sym_det_tb.tcl} -view {{D:/one drive for HKU/OneDrive - connect.hku.hk/HKU year 3 courses/sem1/ELEC3342/Assignment for this year/A2/part B/elec3342_hw2_src/symb_det/sym_det_tb_behav.wcfg}} -log {simulate.log}"
INFO: [USF-XSim-8] Loading simulator feature
Time resolution is 1 ps
open_wave_config {D:/one drive for HKU/OneDrive - connect.hku.hk/HKU year 3 courses/sem1/ELEC3342/Assignment for this year/A2/part B/elec3342_hw2_src/symb_det/sym_det_tb_behav.wcfg}
source sym_det_tb.tcl
# set curr_wave [current_wave_config]
# if { [string length $curr_wave] == 0 } {
#   if { [llength [get_objects]] > 0} {
#     add_wave /
#     set_property needs_save false [current_wave_config]
#   } else {
#      send_msg_id Add_Wave-1 WARNING "No top level signals found. Simulator will start without a wave window. If you want to open a wave window go to 'File->New Waveform Configuration' or type 'create_wave_config' in the TCL console."
#   }
# }
# run 100ns
run: Time (s): cpu = 00:00:03 ; elapsed = 00:00:18 . Memory (MB): peak = 1574.973 ; gain = 0.000
xsim: Time (s): cpu = 00:00:09 ; elapsed = 00:00:21 . Memory (MB): peak = 1574.973 ; gain = 0.000
INFO: [USF-XSim-96] XSim completed. Design snapshot 'sym_det_tb_behav' loaded.
INFO: [USF-XSim-97] XSim simulation ran for 100ns
launch_simulation: Time (s): cpu = 00:00:11 ; elapsed = 00:00:28 . Memory (MB): peak = 1574.973 ; gain = 0.000
run all
Note: Symbol index 0 is 0
Time: 60165 ns  Iteration: 1  Process: /sym_det_tb/proc_check_sym  File: D:/one drive for HKU/OneDrive - connect.hku.hk/HKU year 3 courses/sem1/ELEC3342/Assignment for this year/A2/part B/elec3342_hw2_src/tb/sym_det_tb.vhd
Note: Symbol index 1 is 0
Time: 60165 ns  Iteration: 1  Process: /sym_det_tb/proc_check_sym  File: D:/one drive for HKU/OneDrive - connect.hku.hk/HKU year 3 courses/sem1/ELEC3342/Assignment for this year/A2/part B/elec3342_hw2_src/tb/sym_det_tb.vhd
Note: Symbol index 2 is 0
Time: 60165 ns  Iteration: 1  Process: /sym_det_tb/proc_check_sym  File: D:/one drive for HKU/OneDrive - connect.hku.hk/HKU year 3 courses/sem1/ELEC3342/Assignment for this year/A2/part B/elec3342_hw2_src/tb/sym_det_tb.vhd
Note: Symbol index 3 is 0
Time: 60165 ns  Iteration: 1  Process: /sym_det_tb/proc_check_sym  File: D:/one drive for HKU/OneDrive - connect.hku.hk/HKU year 3 courses/sem1/ELEC3342/Assignment for this year/A2/part B/elec3342_hw2_src/tb/sym_det_tb.vhd
Note: Symbol index 4 is 0
Time: 60165 ns  Iteration: 1  Process: /sym_det_tb/proc_check_sym  File: D:/one drive for HKU/OneDrive - connect.hku.hk/HKU year 3 courses/sem1/ELEC3342/Assignment for this year/A2/part B/elec3342_hw2_src/tb/sym_det_tb.vhd
Note: Symbol index 5 is 0
Time: 60165 ns  Iteration: 1  Process: /sym_det_tb/proc_check_sym  File: D:/one drive for HKU/OneDrive - connect.hku.hk/HKU year 3 courses/sem1/ELEC3342/Assignment for this year/A2/part B/elec3342_hw2_src/tb/sym_det_tb.vhd
Note: Symbol index 6 is 0
Time: 60165 ns  Iteration: 1  Process: /sym_det_tb/proc_check_sym  File: D:/one drive for HKU/OneDrive - connect.hku.hk/HKU year 3 courses/sem1/ELEC3342/Assignment for this year/A2/part B/elec3342_hw2_src/tb/sym_det_tb.vhd
Note: Symbol index 7 is 0
Time: 60165 ns  Iteration: 1  Process: /sym_det_tb/proc_check_sym  File: D:/one drive for HKU/OneDrive - connect.hku.hk/HKU year 3 courses/sem1/ELEC3342/Assignment for this year/A2/part B/elec3342_hw2_src/tb/sym_det_tb.vhd
Note: Symbol index 8 is 0
Time: 60165 ns  Iteration: 1  Process: /sym_det_tb/proc_check_sym  File: D:/one drive for HKU/OneDrive - connect.hku.hk/HKU year 3 courses/sem1/ELEC3342/Assignment for this year/A2/part B/elec3342_hw2_src/tb/sym_det_tb.vhd
Note: Symbol index 9 is 0
Time: 60165 ns  Iteration: 1  Process: /sym_det_tb/proc_check_sym  File: D:/one drive for HKU/OneDrive - connect.hku.hk/HKU year 3 courses/sem1/ELEC3342/Assignment for this year/A2/part B/elec3342_hw2_src/tb/sym_det_tb.vhd
Note: Symbol index 10 is 0
Time: 60165 ns  Iteration: 1  Process: /sym_det_tb/proc_check_sym  File: D:/one drive for HKU/OneDrive - connect.hku.hk/HKU year 3 courses/sem1/ELEC3342/Assignment for this year/A2/part B/elec3342_hw2_src/tb/sym_det_tb.vhd
Note: Symbol index 11 is 0
Time: 60165 ns  Iteration: 1  Process: /sym_det_tb/proc_check_sym  File: D:/one drive for HKU/OneDrive - connect.hku.hk/HKU year 3 courses/sem1/ELEC3342/Assignment for this year/A2/part B/elec3342_hw2_src/tb/sym_det_tb.vhd
Note: Symbol index 12 is 0
Time: 60165 ns  Iteration: 1  Process: /sym_det_tb/proc_check_sym  File: D:/one drive for HKU/OneDrive - connect.hku.hk/HKU year 3 courses/sem1/ELEC3342/Assignment for this year/A2/part B/elec3342_hw2_src/tb/sym_det_tb.vhd
Note: Symbol index 13 is 0
Time: 60165 ns  Iteration: 1  Process: /sym_det_tb/proc_check_sym  File: D:/one drive for HKU/OneDrive - connect.hku.hk/HKU year 3 courses/sem1/ELEC3342/Assignment for this year/A2/part B/elec3342_hw2_src/tb/sym_det_tb.vhd
Note: Symbol index 14 is 0
Time: 60165 ns  Iteration: 1  Process: /sym_det_tb/proc_check_sym  File: D:/one drive for HKU/OneDrive - connect.hku.hk/HKU year 3 courses/sem1/ELEC3342/Assignment for this year/A2/part B/elec3342_hw2_src/tb/sym_det_tb.vhd
Note: Symbol index 15 is 0
Time: 60165 ns  Iteration: 1  Process: /sym_det_tb/proc_check_sym  File: D:/one drive for HKU/OneDrive - connect.hku.hk/HKU year 3 courses/sem1/ELEC3342/Assignment for this year/A2/part B/elec3342_hw2_src/tb/sym_det_tb.vhd
relaunch_sim
INFO: xsimkernel Simulation Memory Usage: 21368 KB (Peak: 21368 KB), Simulation CPU Usage: 18531 ms
Command: launch_simulation -step compile -simset sim_1 -mode behavioral
INFO: [Vivado 12-12493] Simulation top is 'sym_det_tb'
WARNING: [Vivado 12-13340] Unable to auto find GCC executables from simulator install path! (path not set)
WARNING: [Vivado 12-13277] Compiled library path does not exist: ''
INFO: [Vivado 12-5682] Launching behavioral simulation in 'D:/one drive for HKU/OneDrive - connect.hku.hk/HKU year 3 courses/sem1/ELEC3342/Assignment for this year/A2/part B/elec3342_hw2_src/symb_det/symb_det.sim/sim_1/behav/xsim'
INFO: [SIM-utils-51] Simulation object is 'sim_1'
INFO: [SIM-utils-72] Using boost library from 'D:/XILINX/Vivado/2022.1/tps/boost_1_72_0'
INFO: [SIM-utils-54] Inspecting design source files for 'sym_det_tb' in fileset 'sim_1'...
INFO: [SIM-utils-43] Exported 'D:/one drive for HKU/OneDrive - connect.hku.hk/HKU year 3 courses/sem1/ELEC3342/Assignment for this year/A2/part B/elec3342_hw2_src/symb_det/symb_det.sim/sim_1/behav/xsim/info_wave.txt'
INFO: [USF-XSim-97] Finding global include files...
INFO: [USF-XSim-98] Fetching design files from 'sim_1'...
INFO: [USF-XSim-2] XSim::Compile design
INFO: [USF-XSim-61] Executing 'COMPILE and ANALYZE' step in 'D:/one drive for HKU/OneDrive - connect.hku.hk/HKU year 3 courses/sem1/ELEC3342/Assignment for this year/A2/part B/elec3342_hw2_src/symb_det/symb_det.sim/sim_1/behav/xsim'
"xvhdl --incr --relax -prj sym_det_tb_vhdl.prj"
INFO: [VRFC 10-163] Analyzing VHDL file "D:/one drive for HKU/OneDrive - connect.hku.hk/HKU year 3 courses/sem1/ELEC3342/Assignment for this year/A2/part B/elec3342_hw2_src/rtl/symb_det.vhd" into library xil_defaultlib
INFO: [VRFC 10-3107] analyzing entity 'symb_det'
INFO: [USF-XSim-69] 'compile' step finished in '3' seconds
Command: launch_simulation -step elaborate -simset sim_1 -mode behavioral
INFO: [Vivado 12-12493] Simulation top is 'sym_det_tb'
WARNING: [Vivado 12-13340] Unable to auto find GCC executables from simulator install path! (path not set)
WARNING: [Vivado 12-13277] Compiled library path does not exist: ''
INFO: [Vivado 12-5682] Launching behavioral simulation in 'D:/one drive for HKU/OneDrive - connect.hku.hk/HKU year 3 courses/sem1/ELEC3342/Assignment for this year/A2/part B/elec3342_hw2_src/symb_det/symb_det.sim/sim_1/behav/xsim'
INFO: [SIM-utils-51] Simulation object is 'sim_1'
INFO: [USF-XSim-3] XSim::Elaborate design
INFO: [USF-XSim-61] Executing 'ELABORATE' step in 'D:/one drive for HKU/OneDrive - connect.hku.hk/HKU year 3 courses/sem1/ELEC3342/Assignment for this year/A2/part B/elec3342_hw2_src/symb_det/symb_det.sim/sim_1/behav/xsim'
"xelab --incr --debug typical --relax --mt 2 -L xil_defaultlib -L secureip --snapshot sym_det_tb_behav xil_defaultlib.sym_det_tb -log elaborate.log"
Vivado Simulator v2022.1
Copyright 1986-1999, 2001-2022 Xilinx, Inc. All Rights Reserved.
Running: D:/XILINX/Vivado/2022.1/bin/unwrapped/win64.o/xelab.exe --incr --debug typical --relax --mt 2 -L xil_defaultlib -L secureip --snapshot sym_det_tb_behav xil_defaultlib.sym_det_tb -log elaborate.log 
Using 2 slave threads.
Starting static elaboration
Completed static elaboration
Starting simulation data flow analysis
Completed simulation data flow analysis
Time Resolution for simulation is 1ps
Compiling package std.standard
Compiling package std.textio
Compiling package ieee.std_logic_1164
Compiling package ieee.numeric_std
Compiling package unisim.vcomponents
Compiling package ieee.std_logic_textio
Compiling package ieee.std_logic_arith
Compiling package ieee.std_logic_unsigned
Compiling architecture behavioral of entity xil_defaultlib.symb_det [symb_det_default]
Compiling architecture behavioral of entity xil_defaultlib.sym_det_tb
Built simulation snapshot sym_det_tb_behav
INFO: [USF-XSim-69] 'elaborate' step finished in '4' seconds
Time resolution is 1 ps
run: Time (s): cpu = 00:00:01 ; elapsed = 00:00:19 . Memory (MB): peak = 1574.973 ; gain = 0.000
relaunch_xsim_kernel: Time (s): cpu = 00:00:01 ; elapsed = 00:00:20 . Memory (MB): peak = 1574.973 ; gain = 0.000
relaunch_sim: Time (s): cpu = 00:00:02 ; elapsed = 00:00:28 . Memory (MB): peak = 1574.973 ; gain = 0.000
run all
Note: Symbol index 0 is 0
Time: 60165 ns  Iteration: 1  Process: /sym_det_tb/proc_check_sym  File: D:/one drive for HKU/OneDrive - connect.hku.hk/HKU year 3 courses/sem1/ELEC3342/Assignment for this year/A2/part B/elec3342_hw2_src/tb/sym_det_tb.vhd
Note: Symbol index 1 is 0
Time: 60165 ns  Iteration: 1  Process: /sym_det_tb/proc_check_sym  File: D:/one drive for HKU/OneDrive - connect.hku.hk/HKU year 3 courses/sem1/ELEC3342/Assignment for this year/A2/part B/elec3342_hw2_src/tb/sym_det_tb.vhd
Note: Symbol index 2 is 0
Time: 60165 ns  Iteration: 1  Process: /sym_det_tb/proc_check_sym  File: D:/one drive for HKU/OneDrive - connect.hku.hk/HKU year 3 courses/sem1/ELEC3342/Assignment for this year/A2/part B/elec3342_hw2_src/tb/sym_det_tb.vhd
Note: Symbol index 3 is 0
Time: 60165 ns  Iteration: 1  Process: /sym_det_tb/proc_check_sym  File: D:/one drive for HKU/OneDrive - connect.hku.hk/HKU year 3 courses/sem1/ELEC3342/Assignment for this year/A2/part B/elec3342_hw2_src/tb/sym_det_tb.vhd
Note: Symbol index 4 is 0
Time: 60165 ns  Iteration: 1  Process: /sym_det_tb/proc_check_sym  File: D:/one drive for HKU/OneDrive - connect.hku.hk/HKU year 3 courses/sem1/ELEC3342/Assignment for this year/A2/part B/elec3342_hw2_src/tb/sym_det_tb.vhd
Note: Symbol index 5 is 0
Time: 60165 ns  Iteration: 1  Process: /sym_det_tb/proc_check_sym  File: D:/one drive for HKU/OneDrive - connect.hku.hk/HKU year 3 courses/sem1/ELEC3342/Assignment for this year/A2/part B/elec3342_hw2_src/tb/sym_det_tb.vhd
Note: Symbol index 6 is 0
Time: 60165 ns  Iteration: 1  Process: /sym_det_tb/proc_check_sym  File: D:/one drive for HKU/OneDrive - connect.hku.hk/HKU year 3 courses/sem1/ELEC3342/Assignment for this year/A2/part B/elec3342_hw2_src/tb/sym_det_tb.vhd
Note: Symbol index 7 is 0
Time: 60165 ns  Iteration: 1  Process: /sym_det_tb/proc_check_sym  File: D:/one drive for HKU/OneDrive - connect.hku.hk/HKU year 3 courses/sem1/ELEC3342/Assignment for this year/A2/part B/elec3342_hw2_src/tb/sym_det_tb.vhd
Note: Symbol index 8 is 0
Time: 60165 ns  Iteration: 1  Process: /sym_det_tb/proc_check_sym  File: D:/one drive for HKU/OneDrive - connect.hku.hk/HKU year 3 courses/sem1/ELEC3342/Assignment for this year/A2/part B/elec3342_hw2_src/tb/sym_det_tb.vhd
Note: Symbol index 9 is 0
Time: 60165 ns  Iteration: 1  Process: /sym_det_tb/proc_check_sym  File: D:/one drive for HKU/OneDrive - connect.hku.hk/HKU year 3 courses/sem1/ELEC3342/Assignment for this year/A2/part B/elec3342_hw2_src/tb/sym_det_tb.vhd
Note: Symbol index 10 is 0
Time: 60165 ns  Iteration: 1  Process: /sym_det_tb/proc_check_sym  File: D:/one drive for HKU/OneDrive - connect.hku.hk/HKU year 3 courses/sem1/ELEC3342/Assignment for this year/A2/part B/elec3342_hw2_src/tb/sym_det_tb.vhd
Note: Symbol index 11 is 0
Time: 60165 ns  Iteration: 1  Process: /sym_det_tb/proc_check_sym  File: D:/one drive for HKU/OneDrive - connect.hku.hk/HKU year 3 courses/sem1/ELEC3342/Assignment for this year/A2/part B/elec3342_hw2_src/tb/sym_det_tb.vhd
Note: Symbol index 12 is 0
Time: 60165 ns  Iteration: 1  Process: /sym_det_tb/proc_check_sym  File: D:/one drive for HKU/OneDrive - connect.hku.hk/HKU year 3 courses/sem1/ELEC3342/Assignment for this year/A2/part B/elec3342_hw2_src/tb/sym_det_tb.vhd
Note: Symbol index 13 is 0
Time: 60165 ns  Iteration: 1  Process: /sym_det_tb/proc_check_sym  File: D:/one drive for HKU/OneDrive - connect.hku.hk/HKU year 3 courses/sem1/ELEC3342/Assignment for this year/A2/part B/elec3342_hw2_src/tb/sym_det_tb.vhd
Note: Symbol index 14 is 0
Time: 60165 ns  Iteration: 1  Process: /sym_det_tb/proc_check_sym  File: D:/one drive for HKU/OneDrive - connect.hku.hk/HKU year 3 courses/sem1/ELEC3342/Assignment for this year/A2/part B/elec3342_hw2_src/tb/sym_det_tb.vhd
Note: Symbol index 15 is 0
Time: 60165 ns  Iteration: 1  Process: /sym_det_tb/proc_check_sym  File: D:/one drive for HKU/OneDrive - connect.hku.hk/HKU year 3 courses/sem1/ELEC3342/Assignment for this year/A2/part B/elec3342_hw2_src/tb/sym_det_tb.vhd
run: Time (s): cpu = 00:00:45 ; elapsed = 00:00:34 . Memory (MB): peak = 1574.973 ; gain = 0.000
close_sim
INFO: xsimkernel Simulation Memory Usage: 21208 KB (Peak: 21208 KB), Simulation CPU Usage: 29546 ms
INFO: [Simtcl 6-16] Simulation closed
launch_simulation
Command: launch_simulation 
INFO: [Vivado 12-12493] Simulation top is 'sym_det_tb'
WARNING: [Vivado 12-13340] Unable to auto find GCC executables from simulator install path! (path not set)
WARNING: [Vivado 12-13277] Compiled library path does not exist: ''
INFO: [Vivado 12-5682] Launching behavioral simulation in 'D:/one drive for HKU/OneDrive - connect.hku.hk/HKU year 3 courses/sem1/ELEC3342/Assignment for this year/A2/part B/elec3342_hw2_src/symb_det/symb_det.sim/sim_1/behav/xsim'
INFO: [SIM-utils-51] Simulation object is 'sim_1'
INFO: [SIM-utils-72] Using boost library from 'D:/XILINX/Vivado/2022.1/tps/boost_1_72_0'
INFO: [SIM-utils-54] Inspecting design source files for 'sym_det_tb' in fileset 'sim_1'...
INFO: [SIM-utils-43] Exported 'D:/one drive for HKU/OneDrive - connect.hku.hk/HKU year 3 courses/sem1/ELEC3342/Assignment for this year/A2/part B/elec3342_hw2_src/symb_det/symb_det.sim/sim_1/behav/xsim/info_wave.txt'
INFO: [USF-XSim-97] Finding global include files...
INFO: [USF-XSim-98] Fetching design files from 'sim_1'...
INFO: [USF-XSim-2] XSim::Compile design
INFO: [USF-XSim-61] Executing 'COMPILE and ANALYZE' step in 'D:/one drive for HKU/OneDrive - connect.hku.hk/HKU year 3 courses/sem1/ELEC3342/Assignment for this year/A2/part B/elec3342_hw2_src/symb_det/symb_det.sim/sim_1/behav/xsim'
"xvhdl --incr --relax -prj sym_det_tb_vhdl.prj"
INFO: [USF-XSim-69] 'compile' step finished in '2' seconds
INFO: [USF-XSim-3] XSim::Elaborate design
INFO: [USF-XSim-61] Executing 'ELABORATE' step in 'D:/one drive for HKU/OneDrive - connect.hku.hk/HKU year 3 courses/sem1/ELEC3342/Assignment for this year/A2/part B/elec3342_hw2_src/symb_det/symb_det.sim/sim_1/behav/xsim'
"xelab --incr --debug typical --relax --mt 2 -L xil_defaultlib -L secureip --snapshot sym_det_tb_behav xil_defaultlib.sym_det_tb -log elaborate.log"
Vivado Simulator v2022.1
Copyright 1986-1999, 2001-2022 Xilinx, Inc. All Rights Reserved.
Running: D:/XILINX/Vivado/2022.1/bin/unwrapped/win64.o/xelab.exe --incr --debug typical --relax --mt 2 -L xil_defaultlib -L secureip --snapshot sym_det_tb_behav xil_defaultlib.sym_det_tb -log elaborate.log 
Using 2 slave threads.
Starting static elaboration
Completed static elaboration
INFO: [XSIM 43-4323] No Change in HDL. Linking previously generated obj files to create kernel
INFO: [USF-XSim-69] 'elaborate' step finished in '2' seconds
INFO: [USF-XSim-4] XSim::Simulate design
INFO: [USF-XSim-61] Executing 'SIMULATE' step in 'D:/one drive for HKU/OneDrive - connect.hku.hk/HKU year 3 courses/sem1/ELEC3342/Assignment for this year/A2/part B/elec3342_hw2_src/symb_det/symb_det.sim/sim_1/behav/xsim'
INFO: [USF-XSim-98] *** Running xsim
   with args "sym_det_tb_behav -key {Behavioral:sim_1:Functional:sym_det_tb} -tclbatch {sym_det_tb.tcl} -view {{D:/one drive for HKU/OneDrive - connect.hku.hk/HKU year 3 courses/sem1/ELEC3342/Assignment for this year/A2/part B/elec3342_hw2_src/symb_det/sym_det_tb_behav.wcfg}} -log {simulate.log}"
INFO: [USF-XSim-8] Loading simulator feature
Time resolution is 1 ps
open_wave_config {D:/one drive for HKU/OneDrive - connect.hku.hk/HKU year 3 courses/sem1/ELEC3342/Assignment for this year/A2/part B/elec3342_hw2_src/symb_det/sym_det_tb_behav.wcfg}
source sym_det_tb.tcl
# set curr_wave [current_wave_config]
# if { [string length $curr_wave] == 0 } {
#   if { [llength [get_objects]] > 0} {
#     add_wave /
#     set_property needs_save false [current_wave_config]
#   } else {
#      send_msg_id Add_Wave-1 WARNING "No top level signals found. Simulator will start without a wave window. If you want to open a wave window go to 'File->New Waveform Configuration' or type 'create_wave_config' in the TCL console."
#   }
# }
# run 100ns
run: Time (s): cpu = 00:00:01 ; elapsed = 00:00:20 . Memory (MB): peak = 1574.973 ; gain = 0.000
xsim: Time (s): cpu = 00:00:04 ; elapsed = 00:00:23 . Memory (MB): peak = 1574.973 ; gain = 0.000
INFO: [USF-XSim-96] XSim completed. Design snapshot 'sym_det_tb_behav' loaded.
INFO: [USF-XSim-97] XSim simulation ran for 100ns
launch_simulation: Time (s): cpu = 00:00:04 ; elapsed = 00:00:27 . Memory (MB): peak = 1574.973 ; gain = 0.000
run all
Note: Symbol index 0 is 0
Time: 60165 ns  Iteration: 1  Process: /sym_det_tb/proc_check_sym  File: D:/one drive for HKU/OneDrive - connect.hku.hk/HKU year 3 courses/sem1/ELEC3342/Assignment for this year/A2/part B/elec3342_hw2_src/tb/sym_det_tb.vhd
Note: Symbol index 1 is 0
Time: 60165 ns  Iteration: 1  Process: /sym_det_tb/proc_check_sym  File: D:/one drive for HKU/OneDrive - connect.hku.hk/HKU year 3 courses/sem1/ELEC3342/Assignment for this year/A2/part B/elec3342_hw2_src/tb/sym_det_tb.vhd
Note: Symbol index 2 is 0
Time: 60165 ns  Iteration: 1  Process: /sym_det_tb/proc_check_sym  File: D:/one drive for HKU/OneDrive - connect.hku.hk/HKU year 3 courses/sem1/ELEC3342/Assignment for this year/A2/part B/elec3342_hw2_src/tb/sym_det_tb.vhd
Note: Symbol index 3 is 0
Time: 60165 ns  Iteration: 1  Process: /sym_det_tb/proc_check_sym  File: D:/one drive for HKU/OneDrive - connect.hku.hk/HKU year 3 courses/sem1/ELEC3342/Assignment for this year/A2/part B/elec3342_hw2_src/tb/sym_det_tb.vhd
Note: Symbol index 4 is 0
Time: 60165 ns  Iteration: 1  Process: /sym_det_tb/proc_check_sym  File: D:/one drive for HKU/OneDrive - connect.hku.hk/HKU year 3 courses/sem1/ELEC3342/Assignment for this year/A2/part B/elec3342_hw2_src/tb/sym_det_tb.vhd
Note: Symbol index 5 is 0
Time: 60165 ns  Iteration: 1  Process: /sym_det_tb/proc_check_sym  File: D:/one drive for HKU/OneDrive - connect.hku.hk/HKU year 3 courses/sem1/ELEC3342/Assignment for this year/A2/part B/elec3342_hw2_src/tb/sym_det_tb.vhd
Note: Symbol index 6 is 0
Time: 60165 ns  Iteration: 1  Process: /sym_det_tb/proc_check_sym  File: D:/one drive for HKU/OneDrive - connect.hku.hk/HKU year 3 courses/sem1/ELEC3342/Assignment for this year/A2/part B/elec3342_hw2_src/tb/sym_det_tb.vhd
Note: Symbol index 7 is 0
Time: 60165 ns  Iteration: 1  Process: /sym_det_tb/proc_check_sym  File: D:/one drive for HKU/OneDrive - connect.hku.hk/HKU year 3 courses/sem1/ELEC3342/Assignment for this year/A2/part B/elec3342_hw2_src/tb/sym_det_tb.vhd
Note: Symbol index 8 is 0
Time: 60165 ns  Iteration: 1  Process: /sym_det_tb/proc_check_sym  File: D:/one drive for HKU/OneDrive - connect.hku.hk/HKU year 3 courses/sem1/ELEC3342/Assignment for this year/A2/part B/elec3342_hw2_src/tb/sym_det_tb.vhd
Note: Symbol index 9 is 0
Time: 60165 ns  Iteration: 1  Process: /sym_det_tb/proc_check_sym  File: D:/one drive for HKU/OneDrive - connect.hku.hk/HKU year 3 courses/sem1/ELEC3342/Assignment for this year/A2/part B/elec3342_hw2_src/tb/sym_det_tb.vhd
Note: Symbol index 10 is 0
Time: 60165 ns  Iteration: 1  Process: /sym_det_tb/proc_check_sym  File: D:/one drive for HKU/OneDrive - connect.hku.hk/HKU year 3 courses/sem1/ELEC3342/Assignment for this year/A2/part B/elec3342_hw2_src/tb/sym_det_tb.vhd
Note: Symbol index 11 is 0
Time: 60165 ns  Iteration: 1  Process: /sym_det_tb/proc_check_sym  File: D:/one drive for HKU/OneDrive - connect.hku.hk/HKU year 3 courses/sem1/ELEC3342/Assignment for this year/A2/part B/elec3342_hw2_src/tb/sym_det_tb.vhd
Note: Symbol index 12 is 0
Time: 60165 ns  Iteration: 1  Process: /sym_det_tb/proc_check_sym  File: D:/one drive for HKU/OneDrive - connect.hku.hk/HKU year 3 courses/sem1/ELEC3342/Assignment for this year/A2/part B/elec3342_hw2_src/tb/sym_det_tb.vhd
Note: Symbol index 13 is 0
Time: 60165 ns  Iteration: 1  Process: /sym_det_tb/proc_check_sym  File: D:/one drive for HKU/OneDrive - connect.hku.hk/HKU year 3 courses/sem1/ELEC3342/Assignment for this year/A2/part B/elec3342_hw2_src/tb/sym_det_tb.vhd
Note: Symbol index 14 is 0
Time: 60165 ns  Iteration: 1  Process: /sym_det_tb/proc_check_sym  File: D:/one drive for HKU/OneDrive - connect.hku.hk/HKU year 3 courses/sem1/ELEC3342/Assignment for this year/A2/part B/elec3342_hw2_src/tb/sym_det_tb.vhd
Note: Symbol index 15 is 0
Time: 60165 ns  Iteration: 1  Process: /sym_det_tb/proc_check_sym  File: D:/one drive for HKU/OneDrive - connect.hku.hk/HKU year 3 courses/sem1/ELEC3342/Assignment for this year/A2/part B/elec3342_hw2_src/tb/sym_det_tb.vhd
run: Time (s): cpu = 00:01:32 ; elapsed = 00:01:07 . Memory (MB): peak = 2196.289 ; gain = 621.316
relaunch_sim
INFO: xsimkernel Simulation Memory Usage: 21364 KB (Peak: 21364 KB), Simulation CPU Usage: 35218 ms
Command: launch_simulation -step compile -simset sim_1 -mode behavioral
INFO: [Vivado 12-12493] Simulation top is 'sym_det_tb'
WARNING: [Vivado 12-13340] Unable to auto find GCC executables from simulator install path! (path not set)
WARNING: [Vivado 12-13277] Compiled library path does not exist: ''
INFO: [Vivado 12-5682] Launching behavioral simulation in 'D:/one drive for HKU/OneDrive - connect.hku.hk/HKU year 3 courses/sem1/ELEC3342/Assignment for this year/A2/part B/elec3342_hw2_src/symb_det/symb_det.sim/sim_1/behav/xsim'
INFO: [SIM-utils-51] Simulation object is 'sim_1'
INFO: [USF-XSim-2] XSim::Compile design
INFO: [USF-XSim-61] Executing 'COMPILE and ANALYZE' step in 'D:/one drive for HKU/OneDrive - connect.hku.hk/HKU year 3 courses/sem1/ELEC3342/Assignment for this year/A2/part B/elec3342_hw2_src/symb_det/symb_det.sim/sim_1/behav/xsim'
"xvhdl --incr --relax -prj sym_det_tb_vhdl.prj"
INFO: [USF-XSim-69] 'compile' step finished in '2' seconds
Command: launch_simulation -step elaborate -simset sim_1 -mode behavioral
INFO: [Vivado 12-12493] Simulation top is 'sym_det_tb'
WARNING: [Vivado 12-13340] Unable to auto find GCC executables from simulator install path! (path not set)
WARNING: [Vivado 12-13277] Compiled library path does not exist: ''
INFO: [Vivado 12-5682] Launching behavioral simulation in 'D:/one drive for HKU/OneDrive - connect.hku.hk/HKU year 3 courses/sem1/ELEC3342/Assignment for this year/A2/part B/elec3342_hw2_src/symb_det/symb_det.sim/sim_1/behav/xsim'
INFO: [SIM-utils-51] Simulation object is 'sim_1'
INFO: [USF-XSim-3] XSim::Elaborate design
INFO: [USF-XSim-61] Executing 'ELABORATE' step in 'D:/one drive for HKU/OneDrive - connect.hku.hk/HKU year 3 courses/sem1/ELEC3342/Assignment for this year/A2/part B/elec3342_hw2_src/symb_det/symb_det.sim/sim_1/behav/xsim'
"xelab --incr --debug typical --relax --mt 2 -L xil_defaultlib -L secureip --snapshot sym_det_tb_behav xil_defaultlib.sym_det_tb -log elaborate.log"
Vivado Simulator v2022.1
Copyright 1986-1999, 2001-2022 Xilinx, Inc. All Rights Reserved.
Running: D:/XILINX/Vivado/2022.1/bin/unwrapped/win64.o/xelab.exe --incr --debug typical --relax --mt 2 -L xil_defaultlib -L secureip --snapshot sym_det_tb_behav xil_defaultlib.sym_det_tb -log elaborate.log 
Using 2 slave threads.
Starting static elaboration
Completed static elaboration
INFO: [XSIM 43-4323] No Change in HDL. Linking previously generated obj files to create kernel
INFO: [USF-XSim-69] 'elaborate' step finished in '3' seconds
Time resolution is 1 ps
run: Time (s): cpu = 00:00:02 ; elapsed = 00:00:18 . Memory (MB): peak = 2715.621 ; gain = 0.000
relaunch_xsim_kernel: Time (s): cpu = 00:00:03 ; elapsed = 00:00:20 . Memory (MB): peak = 2715.621 ; gain = 0.000
relaunch_sim: Time (s): cpu = 00:00:03 ; elapsed = 00:00:25 . Memory (MB): peak = 2715.621 ; gain = 0.000
run 1000 us
Note: Symbol index 0 is 0
Time: 60165 ns  Iteration: 1  Process: /sym_det_tb/proc_check_sym  File: D:/one drive for HKU/OneDrive - connect.hku.hk/HKU year 3 courses/sem1/ELEC3342/Assignment for this year/A2/part B/elec3342_hw2_src/tb/sym_det_tb.vhd
Note: Symbol index 1 is 0
Time: 60165 ns  Iteration: 1  Process: /sym_det_tb/proc_check_sym  File: D:/one drive for HKU/OneDrive - connect.hku.hk/HKU year 3 courses/sem1/ELEC3342/Assignment for this year/A2/part B/elec3342_hw2_src/tb/sym_det_tb.vhd
Note: Symbol index 2 is 0
Time: 60165 ns  Iteration: 1  Process: /sym_det_tb/proc_check_sym  File: D:/one drive for HKU/OneDrive - connect.hku.hk/HKU year 3 courses/sem1/ELEC3342/Assignment for this year/A2/part B/elec3342_hw2_src/tb/sym_det_tb.vhd
Note: Symbol index 3 is 0
Time: 60165 ns  Iteration: 1  Process: /sym_det_tb/proc_check_sym  File: D:/one drive for HKU/OneDrive - connect.hku.hk/HKU year 3 courses/sem1/ELEC3342/Assignment for this year/A2/part B/elec3342_hw2_src/tb/sym_det_tb.vhd
Note: Symbol index 4 is 0
Time: 60165 ns  Iteration: 1  Process: /sym_det_tb/proc_check_sym  File: D:/one drive for HKU/OneDrive - connect.hku.hk/HKU year 3 courses/sem1/ELEC3342/Assignment for this year/A2/part B/elec3342_hw2_src/tb/sym_det_tb.vhd
Note: Symbol index 5 is 0
Time: 60165 ns  Iteration: 1  Process: /sym_det_tb/proc_check_sym  File: D:/one drive for HKU/OneDrive - connect.hku.hk/HKU year 3 courses/sem1/ELEC3342/Assignment for this year/A2/part B/elec3342_hw2_src/tb/sym_det_tb.vhd
Note: Symbol index 6 is 0
Time: 60165 ns  Iteration: 1  Process: /sym_det_tb/proc_check_sym  File: D:/one drive for HKU/OneDrive - connect.hku.hk/HKU year 3 courses/sem1/ELEC3342/Assignment for this year/A2/part B/elec3342_hw2_src/tb/sym_det_tb.vhd
Note: Symbol index 7 is 0
Time: 60165 ns  Iteration: 1  Process: /sym_det_tb/proc_check_sym  File: D:/one drive for HKU/OneDrive - connect.hku.hk/HKU year 3 courses/sem1/ELEC3342/Assignment for this year/A2/part B/elec3342_hw2_src/tb/sym_det_tb.vhd
Note: Symbol index 8 is 0
Time: 60165 ns  Iteration: 1  Process: /sym_det_tb/proc_check_sym  File: D:/one drive for HKU/OneDrive - connect.hku.hk/HKU year 3 courses/sem1/ELEC3342/Assignment for this year/A2/part B/elec3342_hw2_src/tb/sym_det_tb.vhd
Note: Symbol index 9 is 0
Time: 60165 ns  Iteration: 1  Process: /sym_det_tb/proc_check_sym  File: D:/one drive for HKU/OneDrive - connect.hku.hk/HKU year 3 courses/sem1/ELEC3342/Assignment for this year/A2/part B/elec3342_hw2_src/tb/sym_det_tb.vhd
Note: Symbol index 10 is 0
Time: 60165 ns  Iteration: 1  Process: /sym_det_tb/proc_check_sym  File: D:/one drive for HKU/OneDrive - connect.hku.hk/HKU year 3 courses/sem1/ELEC3342/Assignment for this year/A2/part B/elec3342_hw2_src/tb/sym_det_tb.vhd
Note: Symbol index 11 is 0
Time: 60165 ns  Iteration: 1  Process: /sym_det_tb/proc_check_sym  File: D:/one drive for HKU/OneDrive - connect.hku.hk/HKU year 3 courses/sem1/ELEC3342/Assignment for this year/A2/part B/elec3342_hw2_src/tb/sym_det_tb.vhd
Note: Symbol index 12 is 0
Time: 60165 ns  Iteration: 1  Process: /sym_det_tb/proc_check_sym  File: D:/one drive for HKU/OneDrive - connect.hku.hk/HKU year 3 courses/sem1/ELEC3342/Assignment for this year/A2/part B/elec3342_hw2_src/tb/sym_det_tb.vhd
Note: Symbol index 13 is 0
Time: 60165 ns  Iteration: 1  Process: /sym_det_tb/proc_check_sym  File: D:/one drive for HKU/OneDrive - connect.hku.hk/HKU year 3 courses/sem1/ELEC3342/Assignment for this year/A2/part B/elec3342_hw2_src/tb/sym_det_tb.vhd
Note: Symbol index 14 is 0
Time: 60165 ns  Iteration: 1  Process: /sym_det_tb/proc_check_sym  File: D:/one drive for HKU/OneDrive - connect.hku.hk/HKU year 3 courses/sem1/ELEC3342/Assignment for this year/A2/part B/elec3342_hw2_src/tb/sym_det_tb.vhd
Note: Symbol index 15 is 0
Time: 60165 ns  Iteration: 1  Process: /sym_det_tb/proc_check_sym  File: D:/one drive for HKU/OneDrive - connect.hku.hk/HKU year 3 courses/sem1/ELEC3342/Assignment for this year/A2/part B/elec3342_hw2_src/tb/sym_det_tb.vhd
close_sim
INFO: xsimkernel Simulation Memory Usage: 26348 KB (Peak: 26348 KB), Simulation CPU Usage: 17593 ms
INFO: [Simtcl 6-16] Simulation closed
launch_simulation
Command: launch_simulation 
INFO: [Vivado 12-12493] Simulation top is 'sym_det_tb'
WARNING: [Vivado 12-13340] Unable to auto find GCC executables from simulator install path! (path not set)
WARNING: [Vivado 12-13277] Compiled library path does not exist: ''
INFO: [Vivado 12-5682] Launching behavioral simulation in 'D:/one drive for HKU/OneDrive - connect.hku.hk/HKU year 3 courses/sem1/ELEC3342/Assignment for this year/A2/part B/elec3342_hw2_src/symb_det/symb_det.sim/sim_1/behav/xsim'
INFO: [SIM-utils-51] Simulation object is 'sim_1'
INFO: [SIM-utils-72] Using boost library from 'D:/XILINX/Vivado/2022.1/tps/boost_1_72_0'
INFO: [SIM-utils-54] Inspecting design source files for 'sym_det_tb' in fileset 'sim_1'...
INFO: [SIM-utils-43] Exported 'D:/one drive for HKU/OneDrive - connect.hku.hk/HKU year 3 courses/sem1/ELEC3342/Assignment for this year/A2/part B/elec3342_hw2_src/symb_det/symb_det.sim/sim_1/behav/xsim/info_wave.txt'
INFO: [USF-XSim-97] Finding global include files...
INFO: [USF-XSim-98] Fetching design files from 'sim_1'...
INFO: [USF-XSim-2] XSim::Compile design
INFO: [USF-XSim-61] Executing 'COMPILE and ANALYZE' step in 'D:/one drive for HKU/OneDrive - connect.hku.hk/HKU year 3 courses/sem1/ELEC3342/Assignment for this year/A2/part B/elec3342_hw2_src/symb_det/symb_det.sim/sim_1/behav/xsim'
"xvhdl --incr --relax -prj sym_det_tb_vhdl.prj"
INFO: [VRFC 10-163] Analyzing VHDL file "D:/one drive for HKU/OneDrive - connect.hku.hk/HKU year 3 courses/sem1/ELEC3342/Assignment for this year/A2/part B/elec3342_hw2_src/rtl/symb_det.vhd" into library xil_defaultlib
INFO: [VRFC 10-3107] analyzing entity 'symb_det'
INFO: [USF-XSim-69] 'compile' step finished in '3' seconds
INFO: [USF-XSim-3] XSim::Elaborate design
INFO: [USF-XSim-61] Executing 'ELABORATE' step in 'D:/one drive for HKU/OneDrive - connect.hku.hk/HKU year 3 courses/sem1/ELEC3342/Assignment for this year/A2/part B/elec3342_hw2_src/symb_det/symb_det.sim/sim_1/behav/xsim'
"xelab --incr --debug typical --relax --mt 2 -L xil_defaultlib -L secureip --snapshot sym_det_tb_behav xil_defaultlib.sym_det_tb -log elaborate.log"
Vivado Simulator v2022.1
Copyright 1986-1999, 2001-2022 Xilinx, Inc. All Rights Reserved.
Running: D:/XILINX/Vivado/2022.1/bin/unwrapped/win64.o/xelab.exe --incr --debug typical --relax --mt 2 -L xil_defaultlib -L secureip --snapshot sym_det_tb_behav xil_defaultlib.sym_det_tb -log elaborate.log 
Using 2 slave threads.
Starting static elaboration
Completed static elaboration
Starting simulation data flow analysis
Completed simulation data flow analysis
Time Resolution for simulation is 1ps
Compiling package std.standard
Compiling package std.textio
Compiling package ieee.std_logic_1164
Compiling package ieee.numeric_std
Compiling package unisim.vcomponents
Compiling package ieee.std_logic_textio
Compiling package ieee.std_logic_arith
Compiling package ieee.std_logic_unsigned
Compiling architecture behavioral of entity xil_defaultlib.symb_det [symb_det_default]
Compiling architecture behavioral of entity xil_defaultlib.sym_det_tb
Built simulation snapshot sym_det_tb_behav
INFO: [USF-XSim-69] 'elaborate' step finished in '3' seconds
INFO: [USF-XSim-4] XSim::Simulate design
INFO: [USF-XSim-61] Executing 'SIMULATE' step in 'D:/one drive for HKU/OneDrive - connect.hku.hk/HKU year 3 courses/sem1/ELEC3342/Assignment for this year/A2/part B/elec3342_hw2_src/symb_det/symb_det.sim/sim_1/behav/xsim'
INFO: [USF-XSim-98] *** Running xsim
   with args "sym_det_tb_behav -key {Behavioral:sim_1:Functional:sym_det_tb} -tclbatch {sym_det_tb.tcl} -view {{D:/one drive for HKU/OneDrive - connect.hku.hk/HKU year 3 courses/sem1/ELEC3342/Assignment for this year/A2/part B/elec3342_hw2_src/symb_det/sym_det_tb_behav.wcfg}} -log {simulate.log}"
INFO: [USF-XSim-8] Loading simulator feature
Time resolution is 1 ps
open_wave_config {D:/one drive for HKU/OneDrive - connect.hku.hk/HKU year 3 courses/sem1/ELEC3342/Assignment for this year/A2/part B/elec3342_hw2_src/symb_det/sym_det_tb_behav.wcfg}
source sym_det_tb.tcl
# set curr_wave [current_wave_config]
# if { [string length $curr_wave] == 0 } {
#   if { [llength [get_objects]] > 0} {
#     add_wave /
#     set_property needs_save false [current_wave_config]
#   } else {
#      send_msg_id Add_Wave-1 WARNING "No top level signals found. Simulator will start without a wave window. If you want to open a wave window go to 'File->New Waveform Configuration' or type 'create_wave_config' in the TCL console."
#   }
# }
# run 100ns
run: Time (s): cpu = 00:00:02 ; elapsed = 00:00:23 . Memory (MB): peak = 2715.621 ; gain = 0.000
xsim: Time (s): cpu = 00:00:04 ; elapsed = 00:00:26 . Memory (MB): peak = 2715.621 ; gain = 0.000
INFO: [USF-XSim-96] XSim completed. Design snapshot 'sym_det_tb_behav' loaded.
INFO: [USF-XSim-97] XSim simulation ran for 100ns
launch_simulation: Time (s): cpu = 00:00:04 ; elapsed = 00:00:32 . Memory (MB): peak = 2715.621 ; gain = 0.000
run 1000 us
Note: Symbol index 0 is 0
Time: 960015 ns  Iteration: 1  Process: /sym_det_tb/proc_check_sym  File: D:/one drive for HKU/OneDrive - connect.hku.hk/HKU year 3 courses/sem1/ELEC3342/Assignment for this year/A2/part B/elec3342_hw2_src/tb/sym_det_tb.vhd
Note: Symbol index 1 is 7
Time: 960015 ns  Iteration: 1  Process: /sym_det_tb/proc_check_sym  File: D:/one drive for HKU/OneDrive - connect.hku.hk/HKU year 3 courses/sem1/ELEC3342/Assignment for this year/A2/part B/elec3342_hw2_src/tb/sym_det_tb.vhd
Note: Symbol index 2 is 0
Time: 960015 ns  Iteration: 1  Process: /sym_det_tb/proc_check_sym  File: D:/one drive for HKU/OneDrive - connect.hku.hk/HKU year 3 courses/sem1/ELEC3342/Assignment for this year/A2/part B/elec3342_hw2_src/tb/sym_det_tb.vhd
Note: Symbol index 3 is 7
Time: 960015 ns  Iteration: 1  Process: /sym_det_tb/proc_check_sym  File: D:/one drive for HKU/OneDrive - connect.hku.hk/HKU year 3 courses/sem1/ELEC3342/Assignment for this year/A2/part B/elec3342_hw2_src/tb/sym_det_tb.vhd
Note: Symbol index 4 is 1
Time: 960015 ns  Iteration: 1  Process: /sym_det_tb/proc_check_sym  File: D:/one drive for HKU/OneDrive - connect.hku.hk/HKU year 3 courses/sem1/ELEC3342/Assignment for this year/A2/part B/elec3342_hw2_src/tb/sym_det_tb.vhd
Note: Symbol index 5 is 6
Time: 960015 ns  Iteration: 1  Process: /sym_det_tb/proc_check_sym  File: D:/one drive for HKU/OneDrive - connect.hku.hk/HKU year 3 courses/sem1/ELEC3342/Assignment for this year/A2/part B/elec3342_hw2_src/tb/sym_det_tb.vhd
Note: Symbol index 6 is 3
Time: 960015 ns  Iteration: 1  Process: /sym_det_tb/proc_check_sym  File: D:/one drive for HKU/OneDrive - connect.hku.hk/HKU year 3 courses/sem1/ELEC3342/Assignment for this year/A2/part B/elec3342_hw2_src/tb/sym_det_tb.vhd
Note: Symbol index 7 is 2
Time: 960015 ns  Iteration: 1  Process: /sym_det_tb/proc_check_sym  File: D:/one drive for HKU/OneDrive - connect.hku.hk/HKU year 3 courses/sem1/ELEC3342/Assignment for this year/A2/part B/elec3342_hw2_src/tb/sym_det_tb.vhd
Note: Symbol index 8 is 1
Time: 960015 ns  Iteration: 1  Process: /sym_det_tb/proc_check_sym  File: D:/one drive for HKU/OneDrive - connect.hku.hk/HKU year 3 courses/sem1/ELEC3342/Assignment for this year/A2/part B/elec3342_hw2_src/tb/sym_det_tb.vhd
Note: Symbol index 9 is 6
Time: 960015 ns  Iteration: 1  Process: /sym_det_tb/proc_check_sym  File: D:/one drive for HKU/OneDrive - connect.hku.hk/HKU year 3 courses/sem1/ELEC3342/Assignment for this year/A2/part B/elec3342_hw2_src/tb/sym_det_tb.vhd
Note: Symbol index 10 is 1
Time: 960015 ns  Iteration: 1  Process: /sym_det_tb/proc_check_sym  File: D:/one drive for HKU/OneDrive - connect.hku.hk/HKU year 3 courses/sem1/ELEC3342/Assignment for this year/A2/part B/elec3342_hw2_src/tb/sym_det_tb.vhd
Note: Symbol index 11 is 4
Time: 960015 ns  Iteration: 1  Process: /sym_det_tb/proc_check_sym  File: D:/one drive for HKU/OneDrive - connect.hku.hk/HKU year 3 courses/sem1/ELEC3342/Assignment for this year/A2/part B/elec3342_hw2_src/tb/sym_det_tb.vhd
Note: Symbol index 12 is 7
Time: 960015 ns  Iteration: 1  Process: /sym_det_tb/proc_check_sym  File: D:/one drive for HKU/OneDrive - connect.hku.hk/HKU year 3 courses/sem1/ELEC3342/Assignment for this year/A2/part B/elec3342_hw2_src/tb/sym_det_tb.vhd
Note: Symbol index 13 is 0
Time: 960015 ns  Iteration: 1  Process: /sym_det_tb/proc_check_sym  File: D:/one drive for HKU/OneDrive - connect.hku.hk/HKU year 3 courses/sem1/ELEC3342/Assignment for this year/A2/part B/elec3342_hw2_src/tb/sym_det_tb.vhd
Note: Symbol index 14 is 7
Time: 960015 ns  Iteration: 1  Process: /sym_det_tb/proc_check_sym  File: D:/one drive for HKU/OneDrive - connect.hku.hk/HKU year 3 courses/sem1/ELEC3342/Assignment for this year/A2/part B/elec3342_hw2_src/tb/sym_det_tb.vhd
Note: Symbol index 15 is 0
Time: 960015 ns  Iteration: 1  Process: /sym_det_tb/proc_check_sym  File: D:/one drive for HKU/OneDrive - connect.hku.hk/HKU year 3 courses/sem1/ELEC3342/Assignment for this year/A2/part B/elec3342_hw2_src/tb/sym_det_tb.vhd
close_sim
INFO: xsimkernel Simulation Memory Usage: 25012 KB (Peak: 25012 KB), Simulation CPU Usage: 21889 ms
INFO: [Simtcl 6-16] Simulation closed
exit
INFO: [Common 17-206] Exiting Vivado at Thu Nov  3 19:32:00 2022...
